2023-01-12 13:31:55,616 [DEBUG] 19400 19748 d:\vscode\imgsite\img\views.py:43 SELECT `img_category`.`id`, `img_category`.`category_name` FROM `img_category` ORDER BY `img_category`.`id` DESC
2023-01-12 13:49:49,530 [DEBUG] 22168 22680 d:\vscode\imgsite\img\views.py:47 select * from img_blog b inner join img_category c on b.category_id = c.id order by b.id
2023-01-12 13:50:24,309 [DEBUG] 19852 12080 d:\vscode\imgsite\img\views.py:43 SELECT `img_category`.`id`, `img_category`.`category_name` FROM `img_category` ORDER BY `img_category`.`id` DESC
2023-01-12 13:50:24,311 [DEBUG] 19852 12080 d:\vscode\imgsite\img\views.py:47 select * from img_blog b inner join img_category c on b.category_id = c.id order by b.id
2023-01-12 13:51:36,667 [DEBUG] 19852 18520 d:\vscode\imgsite\img\views.py:43 SELECT `img_category`.`id`, `img_category`.`category_name` FROM `img_category` ORDER BY `img_category`.`id` DESC
2023-01-12 13:51:36,668 [DEBUG] 19852 18520 d:\vscode\imgsite\img\views.py:47 select * from img_blog b inner join img_category c on b.category_id = c.id order by b.id
2023-01-12 16:00:40,368 [DEBUG] 22724 24700 d:\vscode\imgsite\img\views.py:52 select * from img_blog b inner join img_category c on b.category_id = c.id order by b.id
2023-01-12 16:04:44,390 [DEBUG] 20684 7024 d:\vscode\imgsite\img\common.py:19 SELECT `img_category`.`id`, `img_category`.`category_name` FROM `img_category` ORDER BY `img_category`.`id` DESC
2023-01-12 16:04:44,390 [DEBUG] 20684 7024 d:\vscode\imgsite\img\views.py:51 select * from img_blog b inner join img_category c on b.category_id = c.id order by b.id
2023-01-12 16:05:26,374 [DEBUG] 20684 17736 d:\vscode\imgsite\img\common.py:19 SELECT `img_category`.`id`, `img_category`.`category_name` FROM `img_category` ORDER BY `img_category`.`id` DESC
2023-01-12 16:05:26,375 [DEBUG] 20684 17736 d:\vscode\imgsite\img\views.py:51 select * from img_blog b inner join img_category c on b.category_id = c.id order by b.id
2023-01-12 16:05:28,664 [DEBUG] 20684 17736 d:\vscode\imgsite\img\common.py:19 SELECT `img_category`.`id`, `img_category`.`category_name` FROM `img_category` ORDER BY `img_category`.`id` DESC
2023-01-12 16:05:28,664 [DEBUG] 20684 17736 d:\vscode\imgsite\img\views.py:86 select * from img_blog b inner join img_category c on b.category_id = c.id where 1=1 and b.category_id = 3 order by b.id
2023-01-12 16:05:31,564 [DEBUG] 20684 17736 d:\vscode\imgsite\img\common.py:19 SELECT `img_category`.`id`, `img_category`.`category_name` FROM `img_category` ORDER BY `img_category`.`id` DESC
2023-01-12 16:05:31,564 [DEBUG] 20684 17736 d:\vscode\imgsite\img\views.py:86 select * from img_blog b inner join img_category c on b.category_id = c.id where 1=1 and b.category_id = 2 order by b.id
2023-01-12 16:05:33,790 [DEBUG] 20684 7024 d:\vscode\imgsite\img\common.py:19 SELECT `img_category`.`id`, `img_category`.`category_name` FROM `img_category` ORDER BY `img_category`.`id` DESC
2023-01-12 16:05:33,791 [DEBUG] 20684 7024 d:\vscode\imgsite\img\views.py:86 select * from img_blog b inner join img_category c on b.category_id = c.id where 1=1 and b.category_id = 1 order by b.id
2023-01-12 16:09:17,222 [DEBUG] 5824 21272 d:\vscode\imgsite\img\common.py:19 SELECT `img_category`.`id`, `img_category`.`category_name` FROM `img_category` ORDER BY `img_category`.`id` DESC
2023-01-12 16:09:17,223 [DEBUG] 5824 21272 d:\vscode\imgsite\img\views.py:89 select * from img_blog b inner join img_category c on b.category_id = c.id where 1=1 and b.category_id = 1 order by b.id
2023-01-12 16:09:21,429 [DEBUG] 5824 21272 d:\vscode\imgsite\img\common.py:19 SELECT `img_category`.`id`, `img_category`.`category_name` FROM `img_category` ORDER BY `img_category`.`id` DESC
2023-01-12 16:09:21,429 [DEBUG] 5824 21272 d:\vscode\imgsite\img\views.py:89 select * from img_blog b inner join img_category c on b.category_id = c.id where 1=1 and b.category_id = 1 order by b.id
2023-01-12 16:10:11,068 [DEBUG] 5824 21272 d:\vscode\imgsite\img\common.py:19 SELECT `img_category`.`id`, `img_category`.`category_name` FROM `img_category` ORDER BY `img_category`.`id` DESC
2023-01-12 16:10:11,069 [DEBUG] 5824 21272 d:\vscode\imgsite\img\views.py:89 select * from img_blog b inner join img_category c on b.category_id = c.id where 1=1 and b.category_id = 1 order by b.id
2023-01-12 16:10:52,711 [DEBUG] 5824 21272 d:\vscode\imgsite\img\common.py:19 SELECT `img_category`.`id`, `img_category`.`category_name` FROM `img_category` ORDER BY `img_category`.`id` DESC
2023-01-12 16:10:52,711 [DEBUG] 5824 21272 d:\vscode\imgsite\img\views.py:89 select * from img_blog b inner join img_category c on b.category_id = c.id where 1=1 and b.category_id = 1 order by b.id
2023-01-12 16:11:01,566 [DEBUG] 5824 21272 d:\vscode\imgsite\img\common.py:19 SELECT `img_category`.`id`, `img_category`.`category_name` FROM `img_category` ORDER BY `img_category`.`id` DESC
2023-01-12 16:11:01,566 [DEBUG] 5824 21272 d:\vscode\imgsite\img\views.py:53 select * from img_blog b inner join img_category c on b.category_id = c.id order by b.id
2023-01-12 16:11:08,413 [DEBUG] 5824 25124 d:\vscode\imgsite\img\common.py:19 SELECT `img_category`.`id`, `img_category`.`category_name` FROM `img_category` ORDER BY `img_category`.`id` DESC
2023-01-12 16:11:08,413 [DEBUG] 5824 25124 d:\vscode\imgsite\img\views.py:89 select * from img_blog b inner join img_category c on b.category_id = c.id where 1=1 and b.category_id = 3 order by b.id
2023-01-12 16:12:10,884 [DEBUG] 5824 25124 d:\vscode\imgsite\img\common.py:19 SELECT `img_category`.`id`, `img_category`.`category_name` FROM `img_category` ORDER BY `img_category`.`id` DESC
2023-01-12 16:12:10,884 [DEBUG] 5824 25124 d:\vscode\imgsite\img\views.py:89 select * from img_blog b inner join img_category c on b.category_id = c.id where 1=1 and b.category_id = 3 order by b.id
2023-01-12 16:12:20,321 [DEBUG] 5824 25124 d:\vscode\imgsite\img\common.py:19 SELECT `img_category`.`id`, `img_category`.`category_name` FROM `img_category` ORDER BY `img_category`.`id` DESC
2023-01-12 16:12:20,322 [DEBUG] 5824 25124 d:\vscode\imgsite\img\views.py:89 select * from img_blog b inner join img_category c on b.category_id = c.id where 1=1 and b.category_id = 3 order by b.id
2023-01-12 16:12:23,308 [DEBUG] 5824 25124 d:\vscode\imgsite\img\common.py:19 SELECT `img_category`.`id`, `img_category`.`category_name` FROM `img_category` ORDER BY `img_category`.`id` DESC
2023-01-12 16:12:23,308 [DEBUG] 5824 25124 d:\vscode\imgsite\img\views.py:89 select * from img_blog b inner join img_category c on b.category_id = c.id where 1=1 and b.category_id = 2 order by b.id
2023-01-12 16:14:20,509 [DEBUG] 5824 21272 d:\vscode\imgsite\img\common.py:19 SELECT `img_category`.`id`, `img_category`.`category_name` FROM `img_category` ORDER BY `img_category`.`id` DESC
2023-01-12 16:14:20,509 [DEBUG] 5824 21272 d:\vscode\imgsite\img\views.py:53 select * from img_blog b inner join img_category c on b.category_id = c.id order by b.id
2023-01-12 16:15:01,610 [DEBUG] 5824 25124 d:\vscode\imgsite\img\common.py:19 SELECT `img_category`.`id`, `img_category`.`category_name` FROM `img_category` ORDER BY `img_category`.`id` DESC
2023-01-12 16:15:01,610 [DEBUG] 5824 25124 d:\vscode\imgsite\img\views.py:53 select * from img_blog b inner join img_category c on b.category_id = c.id order by b.id
2023-01-12 16:15:03,834 [DEBUG] 5824 21272 d:\vscode\imgsite\img\common.py:19 SELECT `img_category`.`id`, `img_category`.`category_name` FROM `img_category` ORDER BY `img_category`.`id` DESC
2023-01-12 16:15:03,834 [DEBUG] 5824 21272 d:\vscode\imgsite\img\views.py:89 select * from img_blog b inner join img_category c on b.category_id = c.id where 1=1 and b.category_id = 2 order by b.id
2023-01-12 16:15:47,141 [DEBUG] 5824 25124 d:\vscode\imgsite\img\common.py:19 SELECT `img_category`.`id`, `img_category`.`category_name` FROM `img_category` ORDER BY `img_category`.`id` DESC
2023-01-12 16:15:47,142 [DEBUG] 5824 25124 d:\vscode\imgsite\img\views.py:89 select * from img_blog b inner join img_category c on b.category_id = c.id where 1=1 and b.category_id = 2 order by b.id
2023-01-12 16:16:04,188 [DEBUG] 5824 21272 d:\vscode\imgsite\img\common.py:19 SELECT `img_category`.`id`, `img_category`.`category_name` FROM `img_category` ORDER BY `img_category`.`id` DESC
2023-01-12 16:16:04,189 [DEBUG] 5824 21272 d:\vscode\imgsite\img\views.py:89 select * from img_blog b inner join img_category c on b.category_id = c.id where 1=1 and b.category_id = 2 order by b.id
2023-01-12 16:16:44,159 [DEBUG] 5824 25124 d:\vscode\imgsite\img\common.py:19 SELECT `img_category`.`id`, `img_category`.`category_name` FROM `img_category` ORDER BY `img_category`.`id` DESC
2023-01-12 16:16:44,160 [DEBUG] 5824 25124 d:\vscode\imgsite\img\views.py:89 select * from img_blog b inner join img_category c on b.category_id = c.id where 1=1 and b.category_id = 2 order by b.id
2023-01-12 16:19:24,710 [DEBUG] 5824 21272 d:\vscode\imgsite\img\common.py:19 SELECT `img_category`.`id`, `img_category`.`category_name` FROM `img_category` ORDER BY `img_category`.`id` DESC
2023-01-12 16:19:24,710 [DEBUG] 5824 21272 d:\vscode\imgsite\img\views.py:89 select * from img_blog b inner join img_category c on b.category_id = c.id where 1=1 and b.category_id = 2 order by b.id
2023-01-12 16:20:15,721 [DEBUG] 5824 25124 d:\vscode\imgsite\img\common.py:19 SELECT `img_category`.`id`, `img_category`.`category_name` FROM `img_category` ORDER BY `img_category`.`id` DESC
2023-01-12 16:20:15,721 [DEBUG] 5824 25124 d:\vscode\imgsite\img\views.py:89 select * from img_blog b inner join img_category c on b.category_id = c.id where 1=1 and b.category_id = 2 order by b.id
2023-01-12 16:21:27,301 [DEBUG] 5824 21272 d:\vscode\imgsite\img\common.py:19 SELECT `img_category`.`id`, `img_category`.`category_name` FROM `img_category` ORDER BY `img_category`.`id` DESC
2023-01-12 16:21:27,302 [DEBUG] 5824 21272 d:\vscode\imgsite\img\views.py:89 select * from img_blog b inner join img_category c on b.category_id = c.id where 1=1 and b.category_id = 2 order by b.id
2023-01-12 16:21:58,651 [DEBUG] 5824 25124 d:\vscode\imgsite\img\common.py:19 SELECT `img_category`.`id`, `img_category`.`category_name` FROM `img_category` ORDER BY `img_category`.`id` DESC
2023-01-12 16:21:58,651 [DEBUG] 5824 25124 d:\vscode\imgsite\img\views.py:89 select * from img_blog b inner join img_category c on b.category_id = c.id where 1=1 and b.category_id = 2 order by b.id
2023-01-12 16:22:26,650 [DEBUG] 5824 21272 d:\vscode\imgsite\img\common.py:19 SELECT `img_category`.`id`, `img_category`.`category_name` FROM `img_category` ORDER BY `img_category`.`id` DESC
2023-01-12 16:22:26,650 [DEBUG] 5824 21272 d:\vscode\imgsite\img\views.py:89 select * from img_blog b inner join img_category c on b.category_id = c.id where 1=1 and b.category_id = 2 order by b.id
2023-01-12 16:22:35,346 [DEBUG] 5824 25124 d:\vscode\imgsite\img\common.py:19 SELECT `img_category`.`id`, `img_category`.`category_name` FROM `img_category` ORDER BY `img_category`.`id` DESC
2023-01-12 16:22:35,346 [DEBUG] 5824 25124 d:\vscode\imgsite\img\views.py:89 select * from img_blog b inner join img_category c on b.category_id = c.id where 1=1 and b.category_id = 3 order by b.id
2023-01-12 16:22:38,041 [DEBUG] 5824 25124 d:\vscode\imgsite\img\common.py:19 SELECT `img_category`.`id`, `img_category`.`category_name` FROM `img_category` ORDER BY `img_category`.`id` DESC
2023-01-12 16:22:38,042 [DEBUG] 5824 25124 d:\vscode\imgsite\img\views.py:89 select * from img_blog b inner join img_category c on b.category_id = c.id where 1=1 and b.category_id = 1 order by b.id
2023-01-12 16:22:40,478 [DEBUG] 5824 25124 d:\vscode\imgsite\img\common.py:19 SELECT `img_category`.`id`, `img_category`.`category_name` FROM `img_category` ORDER BY `img_category`.`id` DESC
2023-01-12 16:22:40,478 [DEBUG] 5824 25124 d:\vscode\imgsite\img\views.py:89 select * from img_blog b inner join img_category c on b.category_id = c.id where 1=1 and b.category_id = 3 order by b.id
2023-01-12 16:22:42,072 [DEBUG] 5824 25124 d:\vscode\imgsite\img\common.py:19 SELECT `img_category`.`id`, `img_category`.`category_name` FROM `img_category` ORDER BY `img_category`.`id` DESC
2023-01-12 16:22:42,072 [DEBUG] 5824 25124 d:\vscode\imgsite\img\views.py:89 select * from img_blog b inner join img_category c on b.category_id = c.id where 1=1 and  order by b.id
2023-01-12 16:23:16,293 [DEBUG] 22544 16548 d:\vscode\imgsite\img\common.py:19 SELECT `img_category`.`id`, `img_category`.`category_name` FROM `img_category` ORDER BY `img_category`.`id` DESC
2023-01-12 16:23:16,294 [DEBUG] 22544 16548 d:\vscode\imgsite\img\views.py:89 select * from img_blog b inner join img_category c on b.category_id = c.id where 1=1  order by b.id
2023-01-12 16:23:43,181 [DEBUG] 22544 16548 d:\vscode\imgsite\img\common.py:19 SELECT `img_category`.`id`, `img_category`.`category_name` FROM `img_category` ORDER BY `img_category`.`id` DESC
2023-01-12 16:23:43,181 [DEBUG] 22544 16548 d:\vscode\imgsite\img\views.py:89 select * from img_blog b inner join img_category c on b.category_id = c.id where 1=1  order by b.id
2023-01-12 16:23:45,840 [DEBUG] 22544 23628 d:\vscode\imgsite\img\common.py:19 SELECT `img_category`.`id`, `img_category`.`category_name` FROM `img_category` ORDER BY `img_category`.`id` DESC
2023-01-12 16:23:45,840 [DEBUG] 22544 23628 d:\vscode\imgsite\img\views.py:89 select * from img_blog b inner join img_category c on b.category_id = c.id where 1=1 and b.category_id = 2 order by b.id
2023-01-12 16:24:36,455 [DEBUG] 25224 22540 d:\vscode\imgsite\img\common.py:19 SELECT `img_category`.`id`, `img_category`.`category_name` FROM `img_category` ORDER BY `img_category`.`id` DESC
2023-01-12 16:24:36,456 [DEBUG] 25224 22540 d:\vscode\imgsite\img\views.py:89 select * from img_blog b inner join img_category c on b.category_id = c.id where 1=1 and b.category_id = 2 order by b.id
2023-01-12 16:25:45,618 [DEBUG] 25224 26496 d:\vscode\imgsite\img\common.py:19 SELECT `img_category`.`id`, `img_category`.`category_name` FROM `img_category` ORDER BY `img_category`.`id` DESC
2023-01-12 16:25:45,619 [DEBUG] 25224 26496 d:\vscode\imgsite\img\views.py:53 select * from img_blog b inner join img_category c on b.category_id = c.id order by b.id
2023-01-12 16:25:47,916 [DEBUG] 25224 22540 d:\vscode\imgsite\img\common.py:19 SELECT `img_category`.`id`, `img_category`.`category_name` FROM `img_category` ORDER BY `img_category`.`id` DESC
2023-01-12 16:25:47,916 [DEBUG] 25224 22540 d:\vscode\imgsite\img\views.py:89 select * from img_blog b inner join img_category c on b.category_id = c.id where 1=1 and b.category_id = 3 order by b.id
2023-01-12 16:26:35,607 [DEBUG] 25224 22540 d:\vscode\imgsite\img\common.py:19 SELECT `img_category`.`id`, `img_category`.`category_name` FROM `img_category` ORDER BY `img_category`.`id` DESC
2023-01-12 16:26:35,608 [DEBUG] 25224 22540 d:\vscode\imgsite\img\views.py:89 select * from img_blog b inner join img_category c on b.category_id = c.id where 1=1 and b.category_id = 3 order by b.id
2023-01-12 16:27:02,042 [DEBUG] 25224 22540 d:\vscode\imgsite\img\common.py:19 SELECT `img_category`.`id`, `img_category`.`category_name` FROM `img_category` ORDER BY `img_category`.`id` DESC
2023-01-12 16:27:02,043 [DEBUG] 25224 22540 d:\vscode\imgsite\img\views.py:89 select * from img_blog b inner join img_category c on b.category_id = c.id where 1=1 and b.category_id = 3 order by b.id
2023-01-12 16:27:13,075 [DEBUG] 25224 22540 d:\vscode\imgsite\img\common.py:19 SELECT `img_category`.`id`, `img_category`.`category_name` FROM `img_category` ORDER BY `img_category`.`id` DESC
2023-01-12 16:27:13,076 [DEBUG] 25224 22540 d:\vscode\imgsite\img\views.py:89 select * from img_blog b inner join img_category c on b.category_id = c.id where 1=1 and b.category_id = 1 order by b.id
2023-01-12 16:27:16,287 [DEBUG] 25224 22540 d:\vscode\imgsite\img\common.py:19 SELECT `img_category`.`id`, `img_category`.`category_name` FROM `img_category` ORDER BY `img_category`.`id` DESC
2023-01-12 16:27:16,287 [DEBUG] 25224 22540 d:\vscode\imgsite\img\views.py:89 select * from img_blog b inner join img_category c on b.category_id = c.id where 1=1 and b.category_id = 2 order by b.id
2023-01-12 16:27:21,042 [DEBUG] 25224 26496 d:\vscode\imgsite\img\common.py:19 SELECT `img_category`.`id`, `img_category`.`category_name` FROM `img_category` ORDER BY `img_category`.`id` DESC
2023-01-12 16:27:21,043 [DEBUG] 25224 26496 d:\vscode\imgsite\img\views.py:89 select * from img_blog b inner join img_category c on b.category_id = c.id where 1=1 and b.category_id = 3 order by b.id
2023-01-12 16:27:24,404 [DEBUG] 25224 26496 d:\vscode\imgsite\img\common.py:19 SELECT `img_category`.`id`, `img_category`.`category_name` FROM `img_category` ORDER BY `img_category`.`id` DESC
2023-01-12 16:27:24,404 [DEBUG] 25224 26496 d:\vscode\imgsite\img\views.py:89 select * from img_blog b inner join img_category c on b.category_id = c.id where 1=1 and b.category_id = 2 order by b.id
2023-01-12 16:27:48,847 [DEBUG] 25224 22540 d:\vscode\imgsite\img\common.py:19 SELECT `img_category`.`id`, `img_category`.`category_name` FROM `img_category` ORDER BY `img_category`.`id` DESC
2023-01-12 16:27:48,847 [DEBUG] 25224 22540 d:\vscode\imgsite\img\views.py:89 select * from img_blog b inner join img_category c on b.category_id = c.id where 1=1 and b.category_id = 2 order by b.id
2023-01-12 16:27:53,168 [DEBUG] 25224 26496 d:\vscode\imgsite\img\common.py:19 SELECT `img_category`.`id`, `img_category`.`category_name` FROM `img_category` ORDER BY `img_category`.`id` DESC
2023-01-12 16:27:53,168 [DEBUG] 25224 26496 d:\vscode\imgsite\img\views.py:89 select * from img_blog b inner join img_category c on b.category_id = c.id where 1=1  order by b.id
2023-01-12 16:27:58,374 [DEBUG] 25224 22540 d:\vscode\imgsite\img\common.py:19 SELECT `img_category`.`id`, `img_category`.`category_name` FROM `img_category` ORDER BY `img_category`.`id` DESC
2023-01-12 16:27:58,375 [DEBUG] 25224 22540 d:\vscode\imgsite\img\views.py:89 select * from img_blog b inner join img_category c on b.category_id = c.id where 1=1 and b.category_id = 3 order by b.id
2023-01-12 16:28:20,439 [DEBUG] 25224 22540 d:\vscode\imgsite\img\common.py:19 SELECT `img_category`.`id`, `img_category`.`category_name` FROM `img_category` ORDER BY `img_category`.`id` DESC
2023-01-12 16:28:20,439 [DEBUG] 25224 22540 d:\vscode\imgsite\img\views.py:89 select * from img_blog b inner join img_category c on b.category_id = c.id where 1=1 and b.category_id = 2 order by b.id
2023-01-12 16:28:41,622 [DEBUG] 25224 26496 d:\vscode\imgsite\img\common.py:19 SELECT `img_category`.`id`, `img_category`.`category_name` FROM `img_category` ORDER BY `img_category`.`id` DESC
2023-01-12 16:28:41,622 [DEBUG] 25224 26496 d:\vscode\imgsite\img\views.py:89 select * from img_blog b inner join img_category c on b.category_id = c.id where 1=1  order by b.id
2023-01-12 16:28:44,535 [DEBUG] 25224 26496 d:\vscode\imgsite\img\common.py:19 SELECT `img_category`.`id`, `img_category`.`category_name` FROM `img_category` ORDER BY `img_category`.`id` DESC
2023-01-12 16:28:44,536 [DEBUG] 25224 26496 d:\vscode\imgsite\img\views.py:89 select * from img_blog b inner join img_category c on b.category_id = c.id where 1=1 and b.category_id = 3 order by b.id
2023-01-12 16:28:55,735 [DEBUG] 25224 26496 d:\vscode\imgsite\img\common.py:19 SELECT `img_category`.`id`, `img_category`.`category_name` FROM `img_category` ORDER BY `img_category`.`id` DESC
2023-01-12 16:28:55,736 [DEBUG] 25224 26496 d:\vscode\imgsite\img\views.py:89 select * from img_blog b inner join img_category c on b.category_id = c.id where 1=1 and b.category_id = 2 order by b.id
2023-01-12 16:28:59,756 [DEBUG] 25224 22540 d:\vscode\imgsite\img\common.py:19 SELECT `img_category`.`id`, `img_category`.`category_name` FROM `img_category` ORDER BY `img_category`.`id` DESC
2023-01-12 16:28:59,757 [DEBUG] 25224 22540 d:\vscode\imgsite\img\views.py:89 select * from img_blog b inner join img_category c on b.category_id = c.id where 1=1 and b.category_id = 1 order by b.id
2023-01-12 16:30:26,181 [DEBUG] 25224 22540 d:\vscode\imgsite\img\common.py:19 SELECT `img_category`.`id`, `img_category`.`category_name` FROM `img_category` ORDER BY `img_category`.`id` DESC
2023-01-12 16:30:26,182 [DEBUG] 25224 22540 d:\vscode\imgsite\img\views.py:53 select * from img_blog b inner join img_category c on b.category_id = c.id order by b.id
2023-01-12 16:33:40,723 [DEBUG] 25224 26496 d:\vscode\imgsite\img\common.py:19 SELECT `img_category`.`id`, `img_category`.`category_name` FROM `img_category` ORDER BY `img_category`.`id` DESC
2023-01-12 16:33:40,724 [DEBUG] 25224 26496 d:\vscode\imgsite\img\views.py:53 select * from img_blog b inner join img_category c on b.category_id = c.id order by b.id
2023-01-12 16:33:52,233 [DEBUG] 25224 22540 d:\vscode\imgsite\img\common.py:19 SELECT `img_category`.`id`, `img_category`.`category_name` FROM `img_category` ORDER BY `img_category`.`id` DESC
2023-01-12 16:33:52,234 [DEBUG] 25224 22540 d:\vscode\imgsite\img\views.py:89 select * from img_blog b inner join img_category c on b.category_id = c.id where 1=1 and b.category_id = 2 order by b.id
2023-01-12 16:34:02,998 [DEBUG] 25224 26496 d:\vscode\imgsite\img\common.py:19 SELECT `img_category`.`id`, `img_category`.`category_name` FROM `img_category` ORDER BY `img_category`.`id` DESC
2023-01-12 16:34:02,998 [DEBUG] 25224 26496 d:\vscode\imgsite\img\views.py:89 select * from img_blog b inner join img_category c on b.category_id = c.id where 1=1 and b.category_id = 1 order by b.id
2023-01-12 16:34:06,099 [DEBUG] 25224 26496 d:\vscode\imgsite\img\common.py:19 SELECT `img_category`.`id`, `img_category`.`category_name` FROM `img_category` ORDER BY `img_category`.`id` DESC
2023-01-12 16:34:06,099 [DEBUG] 25224 26496 d:\vscode\imgsite\img\views.py:89 select * from img_blog b inner join img_category c on b.category_id = c.id where 1=1 and b.category_id = 3 order by b.id
2023-01-12 16:34:09,296 [DEBUG] 25224 26496 d:\vscode\imgsite\img\common.py:19 SELECT `img_category`.`id`, `img_category`.`category_name` FROM `img_category` ORDER BY `img_category`.`id` DESC
2023-01-12 16:34:09,297 [DEBUG] 25224 26496 d:\vscode\imgsite\img\views.py:89 select * from img_blog b inner join img_category c on b.category_id = c.id where 1=1 and b.category_id = 2 order by b.id
2023-01-12 16:36:13,686 [DEBUG] 25224 22540 d:\vscode\imgsite\img\common.py:19 SELECT `img_category`.`id`, `img_category`.`category_name` FROM `img_category` ORDER BY `img_category`.`id` DESC
2023-01-12 16:36:13,686 [DEBUG] 25224 22540 d:\vscode\imgsite\img\views.py:89 select * from img_blog b inner join img_category c on b.category_id = c.id where 1=1 and b.category_id = 2 order by b.id
2023-01-12 16:36:20,020 [DEBUG] 25224 26496 d:\vscode\imgsite\img\common.py:19 SELECT `img_category`.`id`, `img_category`.`category_name` FROM `img_category` ORDER BY `img_category`.`id` DESC
2023-01-12 16:36:20,021 [DEBUG] 25224 26496 d:\vscode\imgsite\img\views.py:89 select * from img_blog b inner join img_category c on b.category_id = c.id where 1=1 and b.category_id = 1 order by b.id
2023-01-12 16:37:26,614 [DEBUG] 21328 20592 d:\vscode\imgsite\img\common.py:19 SELECT `img_category`.`id`, `img_category`.`category_name` FROM `img_category` ORDER BY `img_category`.`id` DESC
2023-01-12 16:37:26,615 [DEBUG] 21328 20592 d:\vscode\imgsite\img\views.py:89 select * from img_blog b inner join img_category c on b.category_id = c.id where 1=1 and b.category_id = 1 order by b.id
2023-01-12 16:38:13,319 [DEBUG] 24536 16948 d:\vscode\imgsite\img\common.py:19 SELECT `img_category`.`id`, `img_category`.`category_name` FROM `img_category` ORDER BY `img_category`.`id` DESC
2023-01-12 16:38:13,320 [DEBUG] 24536 16948 d:\vscode\imgsite\img\views.py:89 select * from img_blog b inner join img_category c on b.category_id = c.id where 1=1 and b.category_id = 1 order by b.id
2023-01-12 16:38:34,673 [DEBUG] 12544 26120 d:\vscode\imgsite\img\common.py:19 SELECT `img_category`.`id`, `img_category`.`category_name` FROM `img_category` ORDER BY `img_category`.`id` DESC
2023-01-12 16:38:34,673 [DEBUG] 12544 26120 d:\vscode\imgsite\img\views.py:89 select * from img_blog b inner join img_category c on b.category_id = c.id where 1=1 and b.category_id = 1 order by b.id
2023-01-12 16:38:49,311 [DEBUG] 23532 16048 d:\vscode\imgsite\img\common.py:19 SELECT `img_category`.`id`, `img_category`.`category_name` FROM `img_category` ORDER BY `img_category`.`id` DESC
2023-01-12 16:38:49,311 [DEBUG] 23532 16048 d:\vscode\imgsite\img\views.py:89 select * from img_blog b inner join img_category c on b.category_id = c.id where 1=1 and b.category_id = 1 order by b.id
2023-01-12 16:39:14,499 [DEBUG] 24968 16512 d:\vscode\imgsite\img\common.py:19 SELECT `img_category`.`id`, `img_category`.`category_name` FROM `img_category` ORDER BY `img_category`.`id` DESC
2023-01-12 16:39:14,499 [DEBUG] 24968 16512 d:\vscode\imgsite\img\views.py:89 select * from img_blog b inner join img_category c on b.category_id = c.id where 1=1 and b.category_id = 1 order by b.id
2023-01-12 16:39:17,782 [DEBUG] 24968 16512 d:\vscode\imgsite\img\common.py:19 SELECT `img_category`.`id`, `img_category`.`category_name` FROM `img_category` ORDER BY `img_category`.`id` DESC
2023-01-12 16:39:17,782 [DEBUG] 24968 16512 d:\vscode\imgsite\img\views.py:89 select * from img_blog b inner join img_category c on b.category_id = c.id where 1=1 and b.category_id = 2 order by b.id
